<?xml version="1.0" encoding="UTF-8"?>
<!-- Generated by org.testng.reporters.JUnitReportReporter -->
<testsuite hostname="DESKTOP-Q72RD8N" failures="0" tests="1" name="ProjectWork_OrangeHRM.Activity5" time="5.950" errors="0" timestamp="2020-08-26T12:46:03 IST" skipped="0">
  <testcase classname="ProjectWork_OrangeHRM.Activity5" name="editEmployeeDetails" time="5.950"/>
  <system-out/>
</testsuite> <!-- ProjectWork_OrangeHRM.Activity5 -->
