<?xml version="1.0" encoding="UTF-8"?>
<!-- Generated by org.testng.reporters.JUnitReportReporter -->
<testsuite hostname="DESKTOP-Q72RD8N" failures="0" tests="1" name="session15.Activity1" time="14.179" errors="0" timestamp="2020-08-25T11:27:01 IST" skipped="0">
  <testcase classname="session15.Activity1" name="exampleTestCase" time="14.179"/>
  <system-out/>
</testsuite> <!-- session15.Activity1 -->
