<?xml version="1.0" encoding="UTF-8"?>
<!-- Generated by org.testng.reporters.JUnitReportReporter -->
<testsuite hostname="DESKTOP-Q72RD8N" failures="0" tests="2" name="ProjectWork_OrangeHRM.Activity6" time="7.982" errors="0" timestamp="2020-08-26T14:44:09 IST" skipped="0">
  <testcase classname="ProjectWork_OrangeHRM.Activity6" name="login" time="4.685"/>
  <system-out/>
  <testcase classname="ProjectWork_OrangeHRM.Activity6" name="directory" time="3.297"/>
  <system-out/>
</testsuite> <!-- ProjectWork_OrangeHRM.Activity6 -->
