<?xml version="1.0" encoding="UTF-8"?>
<!-- Generated by org.testng.reporters.JUnitReportReporter -->
<testsuite hostname="DESKTOP-Q72RD8N" failures="0" tests="1" name="ProjectWork_OrangeHRM.Activity7" time="6.269" errors="0" timestamp="2020-08-26T13:51:45 IST" skipped="0">
  <testcase classname="ProjectWork_OrangeHRM.Activity7" name="LogIn" time="6.269"/>
  <system-out/>
</testsuite> <!-- ProjectWork_OrangeHRM.Activity7 -->
