<?xml version="1.0" encoding="UTF-8"?>
<!-- Generated by org.testng.reporters.JUnitReportReporter -->
<testsuite hostname="DESKTOP-Q72RD8N" failures="0" tests="1" name="ProjectWork.OrangeHRM" time="14.485" errors="0" timestamp="2020-08-25T13:01:12 IST" skipped="0">
  <testcase classname="ProjectWork.OrangeHRM" name="titleVerificationTestCase" time="14.485"/>
  <system-out/>
</testsuite> <!-- ProjectWork.OrangeHRM -->
