<?xml version="1.0" encoding="UTF-8"?>
<!-- Generated by org.testng.reporters.JUnitReportReporter -->
<testsuite hostname="DESKTOP-Q72RD8N" failures="0" tests="1" name="ProjectWork_OrangeHRM.Activity2" time="0.236" errors="0" timestamp="2020-08-26T12:11:16 IST" skipped="0">
  <testcase classname="ProjectWork_OrangeHRM.Activity2" name="getTheURL" time="0.236"/>
  <system-out/>
</testsuite> <!-- ProjectWork_OrangeHRM.Activity2 -->
